<?xml version="1.0" encoding="UTF-8"?>
<!-- Generated by org.testng.reporters.JUnitXMLReporter -->
<testsuite hostname="DESKTOP-8EQSD1V" ignored="0" name="Default test" tests="18" failures="0" timestamp="06 Oct 2021 11:13:57 GMT" time="11.834" errors="0">
  <testcase name="@BeforeMethod setup" time="11.612" classname="com.qa.VirventureWebsite.TestCases.HomePageTest">
    <failure type="org.openqa.selenium.WebDriverException" message="unknown error: cannot determine loading status
from disconnected: received Inspector.detached event
  (Session info: chrome=94.0.4606.61)
Build info: version: &amp;apos;3.141.59&amp;apos;, revision: &amp;apos;e82be7d358&amp;apos;, time: &amp;apos;2018-11-14T08:17:03&amp;apos;
System info: host: &amp;apos;DESKTOP-8EQSD1V&amp;apos;, ip: &amp;apos;192.168.0.104&amp;apos;, os.name: &amp;apos;Windows 10&amp;apos;, os.arch: &amp;apos;amd64&amp;apos;, os.version: &amp;apos;10.0&amp;apos;, java.version: &amp;apos;1.8.0_221&amp;apos;
Driver info: org.openqa.selenium.chrome.ChromeDriver
Capabilities {acceptInsecureCerts: false, browserName: chrome, browserVersion: 94.0.4606.61, chrome: {chromedriverVersion: 94.0.4606.61 (418b78f5838ed..., userDataDir: C:\Users\MY-PC~1.DES\AppDat...}, goog:chromeOptions: {debuggerAddress: localhost:60758}, javascriptEnabled: true, networkConnectionEnabled: false, pageLoadStrategy: normal, platform: WINDOWS, platformName: WINDOWS, proxy: Proxy(), setWindowRect: true, strictFileInteractability: false, timeouts: {implicit: 0, pageLoad: 300000, script: 30000}, unhandledPromptBehavior: dismiss and notify, webauthn:extension:credBlob: true, webauthn:extension:largeBlob: true, webauthn:virtualAuthenticators: true}
Session ID: dc55968afa7b964063f989e4b3118ec9">
      <![CDATA[org.openqa.selenium.WebDriverException: unknown error: cannot determine loading status
from disconnected: received Inspector.detached event
  (Session info: chrome=94.0.4606.61)
Build info: version: '3.141.59', revision: 'e82be7d358', time: '2018-11-14T08:17:03'
System info: host: 'DESKTOP-8EQSD1V', ip: '192.168.0.104', os.name: 'Windows 10', os.arch: 'amd64', os.version: '10.0', java.version: '1.8.0_221'
Driver info: org.openqa.selenium.chrome.ChromeDriver
Capabilities {acceptInsecureCerts: false, browserName: chrome, browserVersion: 94.0.4606.61, chrome: {chromedriverVersion: 94.0.4606.61 (418b78f5838ed..., userDataDir: C:\Users\MY-PC~1.DES\AppDat...}, goog:chromeOptions: {debuggerAddress: localhost:60758}, javascriptEnabled: true, networkConnectionEnabled: false, pageLoadStrategy: normal, platform: WINDOWS, platformName: WINDOWS, proxy: Proxy(), setWindowRect: true, strictFileInteractability: false, timeouts: {implicit: 0, pageLoad: 300000, script: 30000}, unhandledPromptBehavior: dismiss and notify, webauthn:extension:credBlob: true, webauthn:extension:largeBlob: true, webauthn:virtualAuthenticators: true}
Session ID: dc55968afa7b964063f989e4b3118ec9
at sun.reflect.NativeConstructorAccessorImpl.newInstance0(Native Method)
at sun.reflect.NativeConstructorAccessorImpl.newInstance(Unknown Source)
at sun.reflect.DelegatingConstructorAccessorImpl.newInstance(Unknown Source)
at java.lang.reflect.Constructor.newInstance(Unknown Source)
at org.openqa.selenium.remote.http.W3CHttpResponseCodec.createException(W3CHttpResponseCodec.java:187)
at org.openqa.selenium.remote.http.W3CHttpResponseCodec.decode(W3CHttpResponseCodec.java:122)
at org.openqa.selenium.remote.http.W3CHttpResponseCodec.decode(W3CHttpResponseCodec.java:49)
at org.openqa.selenium.remote.HttpCommandExecutor.execute(HttpCommandExecutor.java:158)
at org.openqa.selenium.remote.service.DriverCommandExecutor.execute(DriverCommandExecutor.java:83)
at org.openqa.selenium.remote.RemoteWebDriver.execute(RemoteWebDriver.java:552)
at org.openqa.selenium.remote.RemoteWebDriver.get(RemoteWebDriver.java:277)
at sun.reflect.NativeMethodAccessorImpl.invoke0(Native Method)
at sun.reflect.NativeMethodAccessorImpl.invoke(Unknown Source)
at sun.reflect.DelegatingMethodAccessorImpl.invoke(Unknown Source)
at java.lang.reflect.Method.invoke(Unknown Source)
at org.openqa.selenium.support.events.EventFiringWebDriver.lambda$new$1(EventFiringWebDriver.java:105)
at com.sun.proxy.$Proxy12.get(Unknown Source)
at org.openqa.selenium.support.events.EventFiringWebDriver.get(EventFiringWebDriver.java:165)
at com.qa.Base.TestBase.initialization(TestBase.java:69)
at com.qa.VirventureWebsite.TestCases.HomePageTest.setup(HomePageTest.java:60)
at sun.reflect.NativeMethodAccessorImpl.invoke0(Native Method)
at sun.reflect.NativeMethodAccessorImpl.invoke(Unknown Source)
at sun.reflect.DelegatingMethodAccessorImpl.invoke(Unknown Source)
at java.lang.reflect.Method.invoke(Unknown Source)
at org.testng.internal.MethodInvocationHelper.invokeMethod(MethodInvocationHelper.java:124)
at org.testng.internal.MethodInvocationHelper.invokeMethodConsideringTimeout(MethodInvocationHelper.java:59)
at org.testng.internal.Invoker.invokeConfigurationMethod(Invoker.java:458)
at org.testng.internal.Invoker.invokeConfigurations(Invoker.java:222)
at org.testng.internal.Invoker.invokeMethod(Invoker.java:523)
at org.testng.internal.Invoker.invokeTestMethod(Invoker.java:719)
at org.testng.internal.Invoker.invokeTestMethods(Invoker.java:989)
at org.testng.internal.TestMethodWorker.invokeTestMethods(TestMethodWorker.java:125)
at org.testng.internal.TestMethodWorker.run(TestMethodWorker.java:109)
at org.testng.TestRunner.privateRun(TestRunner.java:648)
at org.testng.TestRunner.run(TestRunner.java:505)
at org.testng.SuiteRunner.runTest(SuiteRunner.java:455)
at org.testng.SuiteRunner.runSequentially(SuiteRunner.java:450)
at org.testng.SuiteRunner.privateRun(SuiteRunner.java:415)
at org.testng.SuiteRunner.run(SuiteRunner.java:364)
at org.testng.SuiteRunnerWorker.runSuite(SuiteRunnerWorker.java:52)
at org.testng.SuiteRunnerWorker.run(SuiteRunnerWorker.java:84)
at org.testng.TestNG.runSuitesSequentially(TestNG.java:1208)
at org.testng.TestNG.runSuitesLocally(TestNG.java:1137)
at org.testng.TestNG.runSuites(TestNG.java:1049)
at org.testng.TestNG.run(TestNG.java:1017)
at org.testng.remote.AbstractRemoteTestNG.run(AbstractRemoteTestNG.java:115)
at org.testng.remote.RemoteTestNG.initAndRun(RemoteTestNG.java:251)
at org.testng.remote.RemoteTestNG.main(RemoteTestNG.java:77)
]]>
    </failure>
  </testcase> <!-- @BeforeMethod setup -->
  <testcase name="@AfterMethod tearDown" time="0.0" classname="com.qa.VirventureWebsite.TestCases.HomePageTest">
    <skipped/>
  </testcase> <!-- @AfterMethod tearDown -->
  <testcase name="@BeforeMethod setup" time="0.0" classname="com.qa.VirventureWebsite.TestCases.HomePageTest">
    <skipped/>
  </testcase> <!-- @BeforeMethod setup -->
  <testcase name="@AfterMethod tearDown" time="0.0" classname="com.qa.VirventureWebsite.TestCases.HomePageTest">
    <skipped/>
  </testcase> <!-- @AfterMethod tearDown -->
  <testcase name="@BeforeMethod setup" time="0.0" classname="com.qa.VirventureWebsite.TestCases.HomePageTest">
    <skipped/>
  </testcase> <!-- @BeforeMethod setup -->
  <testcase name="@AfterMethod tearDown" time="0.0" classname="com.qa.VirventureWebsite.TestCases.HomePageTest">
    <skipped/>
  </testcase> <!-- @AfterMethod tearDown -->
  <testcase name="@BeforeMethod setup" time="0.0" classname="com.qa.VirventureWebsite.TestCases.HomePageTest">
    <skipped/>
  </testcase> <!-- @BeforeMethod setup -->
  <testcase name="@AfterMethod tearDown" time="0.0" classname="com.qa.VirventureWebsite.TestCases.HomePageTest">
    <skipped/>
  </testcase> <!-- @AfterMethod tearDown -->
  <testcase name="@BeforeMethod setup" time="0.0" classname="com.qa.VirventureWebsite.TestCases.HomePageTest">
    <skipped/>
  </testcase> <!-- @BeforeMethod setup -->
  <testcase name="@AfterMethod tearDown" time="0.0" classname="com.qa.VirventureWebsite.TestCases.HomePageTest">
    <skipped/>
  </testcase> <!-- @AfterMethod tearDown -->
  <testcase name="@BeforeMethod setup" time="0.0" classname="com.qa.VirventureWebsite.TestCases.HomePageTest">
    <skipped/>
  </testcase> <!-- @BeforeMethod setup -->
  <testcase name="@AfterMethod tearDown" time="0.0" classname="com.qa.VirventureWebsite.TestCases.HomePageTest">
    <skipped/>
  </testcase> <!-- @AfterMethod tearDown -->
  <testcase name="@BeforeMethod setup" time="0.0" classname="com.qa.VirventureWebsite.TestCases.HomePageTest">
    <skipped/>
  </testcase> <!-- @BeforeMethod setup -->
  <testcase name="@AfterMethod tearDown" time="0.0" classname="com.qa.VirventureWebsite.TestCases.HomePageTest">
    <skipped/>
  </testcase> <!-- @AfterMethod tearDown -->
  <testcase name="@BeforeMethod setup" time="0.0" classname="com.qa.VirventureWebsite.TestCases.HomePageTest">
    <skipped/>
  </testcase> <!-- @BeforeMethod setup -->
  <testcase name="@AfterMethod tearDown" time="0.0" classname="com.qa.VirventureWebsite.TestCases.HomePageTest">
    <skipped/>
  </testcase> <!-- @AfterMethod tearDown -->
  <testcase name="@BeforeMethod setup" time="0.0" classname="com.qa.VirventureWebsite.TestCases.HomePageTest">
    <skipped/>
  </testcase> <!-- @BeforeMethod setup -->
  <testcase name="@AfterMethod tearDown" time="0.0" classname="com.qa.VirventureWebsite.TestCases.HomePageTest">
    <skipped/>
  </testcase> <!-- @AfterMethod tearDown -->
  <testcase name="@BeforeMethod setup" time="0.0" classname="com.qa.VirventureWebsite.TestCases.HomePageTest">
    <skipped/>
  </testcase> <!-- @BeforeMethod setup -->
  <testcase name="@AfterMethod tearDown" time="0.0" classname="com.qa.VirventureWebsite.TestCases.HomePageTest">
    <skipped/>
  </testcase> <!-- @AfterMethod tearDown -->
  <testcase name="@BeforeMethod setup" time="0.0" classname="com.qa.VirventureWebsite.TestCases.HomePageTest">
    <skipped/>
  </testcase> <!-- @BeforeMethod setup -->
  <testcase name="@AfterMethod tearDown" time="0.0" classname="com.qa.VirventureWebsite.TestCases.HomePageTest">
    <skipped/>
  </testcase> <!-- @AfterMethod tearDown -->
  <testcase name="@BeforeMethod setup" time="0.0" classname="com.qa.VirventureWebsite.TestCases.HomePageTest">
    <skipped/>
  </testcase> <!-- @BeforeMethod setup -->
  <testcase name="@AfterMethod tearDown" time="0.0" classname="com.qa.VirventureWebsite.TestCases.HomePageTest">
    <skipped/>
  </testcase> <!-- @AfterMethod tearDown -->
  <testcase name="@BeforeMethod setup" time="0.0" classname="com.qa.VirventureWebsite.TestCases.HomePageTest">
    <skipped/>
  </testcase> <!-- @BeforeMethod setup -->
  <testcase name="@AfterMethod tearDown" time="0.0" classname="com.qa.VirventureWebsite.TestCases.HomePageTest">
    <skipped/>
  </testcase> <!-- @AfterMethod tearDown -->
  <testcase name="@BeforeMethod setup" time="0.0" classname="com.qa.VirventureWebsite.TestCases.HomePageTest">
    <skipped/>
  </testcase> <!-- @BeforeMethod setup -->
  <testcase name="@AfterMethod tearDown" time="0.0" classname="com.qa.VirventureWebsite.TestCases.HomePageTest">
    <skipped/>
  </testcase> <!-- @AfterMethod tearDown -->
  <testcase name="@BeforeMethod setup" time="0.0" classname="com.qa.VirventureWebsite.TestCases.HomePageTest">
    <skipped/>
  </testcase> <!-- @BeforeMethod setup -->
  <testcase name="@AfterMethod tearDown" time="0.0" classname="com.qa.VirventureWebsite.TestCases.HomePageTest">
    <skipped/>
  </testcase> <!-- @AfterMethod tearDown -->
  <testcase name="@BeforeMethod setup" time="0.0" classname="com.qa.VirventureWebsite.TestCases.HomePageTest">
    <skipped/>
  </testcase> <!-- @BeforeMethod setup -->
  <testcase name="@AfterMethod tearDown" time="0.0" classname="com.qa.VirventureWebsite.TestCases.HomePageTest">
    <skipped/>
  </testcase> <!-- @AfterMethod tearDown -->
  <testcase name="@BeforeMethod setup" time="0.0" classname="com.qa.VirventureWebsite.TestCases.HomePageTest">
    <skipped/>
  </testcase> <!-- @BeforeMethod setup -->
  <testcase name="@AfterMethod tearDown" time="0.0" classname="com.qa.VirventureWebsite.TestCases.HomePageTest">
    <skipped/>
  </testcase> <!-- @AfterMethod tearDown -->
  <testcase name="@BeforeMethod setup" time="0.0" classname="com.qa.VirventureWebsite.TestCases.HomePageTest">
    <skipped/>
  </testcase> <!-- @BeforeMethod setup -->
  <testcase name="@AfterMethod tearDown" time="0.0" classname="com.qa.VirventureWebsite.TestCases.HomePageTest">
    <skipped/>
  </testcase> <!-- @AfterMethod tearDown -->
  <testcase name="verifyHomePageTitle" time="0.0" classname="com.qa.VirventureWebsite.TestCases.HomePageTest">
    <skipped/>
  </testcase> <!-- verifyHomePageTitle -->
  <testcase name="verifyingHomePageLogoTest" time="0.0" classname="com.qa.VirventureWebsite.TestCases.HomePageTest">
    <skipped/>
  </testcase> <!-- verifyingHomePageLogoTest -->
  <testcase name="validateHomePageLoginBtnTest" time="0.0" classname="com.qa.VirventureWebsite.TestCases.HomePageTest">
    <skipped/>
  </testcase> <!-- validateHomePageLoginBtnTest -->
  <testcase name="validateHomePageCreateAccountBtnTest" time="0.0" classname="com.qa.VirventureWebsite.TestCases.HomePageTest">
    <skipped/>
  </testcase> <!-- validateHomePageCreateAccountBtnTest -->
  <testcase name="validateHomePageWishListBtnTest" time="0.0" classname="com.qa.VirventureWebsite.TestCases.HomePageTest">
    <skipped/>
  </testcase> <!-- validateHomePageWishListBtnTest -->
  <testcase name="validateHomePageMyAccountLinkTest" time="0.0" classname="com.qa.VirventureWebsite.TestCases.HomePageTest">
    <skipped/>
  </testcase> <!-- validateHomePageMyAccountLinkTest -->
  <testcase name="validateHomePageCartLinkTest" time="0.0" classname="com.qa.VirventureWebsite.TestCases.HomePageTest">
    <skipped/>
  </testcase> <!-- validateHomePageCartLinkTest -->
  <testcase name="validateHomePageTrackOrderLinkTest" time="0.0" classname="com.qa.VirventureWebsite.TestCases.HomePageTest">
    <skipped/>
  </testcase> <!-- validateHomePageTrackOrderLinkTest -->
  <testcase name="validateHomePageCustomerSayLinkTest" time="0.0" classname="com.qa.VirventureWebsite.TestCases.HomePageTest">
    <skipped/>
  </testcase> <!-- validateHomePageCustomerSayLinkTest -->
  <testcase name="validateHomePageContactUsLinkTest" time="0.0" classname="com.qa.VirventureWebsite.TestCases.HomePageTest">
    <skipped/>
  </testcase> <!-- validateHomePageContactUsLinkTest -->
  <testcase name="validateSearchBtnEmptyTest" time="0.0" classname="com.qa.VirventureWebsite.TestCases.HomePageTest">
    <skipped/>
  </testcase> <!-- validateSearchBtnEmptyTest -->
  <testcase name="validateSearchBtnWithValidDataTest" time="0.0" classname="com.qa.VirventureWebsite.TestCases.HomePageTest">
    <skipped/>
  </testcase> <!-- validateSearchBtnWithValidDataTest -->
  <testcase name="validateForgotPageLinkTest" time="0.0" classname="com.qa.VirventureWebsite.TestCases.HomePageTest">
    <skipped/>
  </testcase> <!-- validateForgotPageLinkTest -->
  <testcase name="validateHomePageBannerLinkTest" time="0.0" classname="com.qa.VirventureWebsite.TestCases.HomePageTest">
    <skipped/>
  </testcase> <!-- validateHomePageBannerLinkTest -->
  <testcase name="validateFastMovingProductsLinkTes" time="0.0" classname="com.qa.VirventureWebsite.TestCases.HomePageTest">
    <skipped/>
  </testcase> <!-- validateFastMovingProductsLinkTes -->
  <testcase name="validateHomePageFooterSocialMediaLinkTest" time="0.0" classname="com.qa.VirventureWebsite.TestCases.HomePageTest">
    <skipped/>
  </testcase> <!-- validateHomePageFooterSocialMediaLinkTest -->
  <testcase name="validateHomePageFooterUnderInformatioLinkTest" time="0.0" classname="com.qa.VirventureWebsite.TestCases.HomePageTest">
    <skipped/>
  </testcase> <!-- validateHomePageFooterUnderInformatioLinkTest -->
  <testcase name="validateHomePageFooterUnderMyAccountLinkTest" time="0.0" classname="com.qa.VirventureWebsite.TestCases.HomePageTest">
    <skipped/>
  </testcase> <!-- validateHomePageFooterUnderMyAccountLinkTest -->
</testsuite> <!-- Default test -->
